/Users/ramazanhanaev/Desktop/instagram_telegram_bot_beckap/instagram_telegram_bot_reserv/fresh_env/lib/python3.12/site-packages/telegram/utils/request.py:49: UserWarning: python-telegram-bot is using upstream urllib3. This is allowed but not supported by python-telegram-bot maintainers.
  warnings.warn(
/Users/ramazanhanaev/Desktop/instagram_telegram_bot_beckap/instagram_telegram_bot_reserv/fresh_env/lib/python3.12/site-packages/apscheduler/__init__.py:1: UserWarning: pkg_resources is deprecated as an API. See https://setuptools.pypa.io/en/latest/pkg_resources.html. The pkg_resources package is slated for removal as early as 2025-11-30. Refrain from using this package or pin to Setuptools<81.
  from pkg_resources import get_distribution, DistributionNotFound
2025-08-02 14:27:31,478 - __main__ - INFO - Инициализация базы данных...
2025-08-02 14:27:31,587 - database.connection_pool - INFO - 🏊‍♂️ Database Connection Pool инициализирован:
2025-08-02 14:27:31,587 - database.connection_pool - INFO -   📊 Размер пула: 15
2025-08-02 14:27:31,587 - database.connection_pool - INFO -   ➕ Max overflow: 5
2025-08-02 14:27:31,587 - database.connection_pool - INFO -   ⏱️ Timeout: 20s
2025-08-02 14:27:31,587 - database.connection_pool - INFO -   🔄 Recycle: 1800s
2025-08-02 14:27:31,587 - database.connection_pool - INFO - ✅ Глобальный Database Connection Pool инициализирован
2025-08-02 14:27:31,587 - database.db_manager - INFO - ✅ База данных и Connection Pool инициализированы
2025-08-02 14:27:31,587 - __main__ - INFO - Запуск планировщика задач...
2025-08-02 14:27:31,587 - utils.scheduler - INFO - Планировщик задач запущен
2025-08-02 14:27:31,587 - __main__ - INFO - Запуск обработчика очереди задач...
2025-08-02 14:27:31,587 - utils.task_queue - INFO - 🚀 Запущен адаптивный обработчик очереди задач
2025-08-02 14:27:31,587 - utils.task_queue - INFO - Запущен поток обработки очереди задач
2025-08-02 14:27:31,587 - __main__ - INFO - Запуск мониторинга системных ресурсов...
2025-08-02 14:27:31,587 - utils.system_monitor - INFO - 🖥️ Запущен мониторинг системных ресурсов (профиль: macbook)
2025-08-02 14:27:31,587 - __main__ - INFO - Запуск умного валидатора аккаунтов...
2025-08-02 14:27:31,620 - utils.smart_validator_service - INFO - 🚀 Инициализирован умный валидатор (проверки: 2, восстановления: 1)
2025-08-02 14:27:31,621 - utils.smart_validator_service - INFO - ✅ Умный валидатор запущен
2025-08-02 14:27:31,621 - __main__ - INFO - 📧 Готовим IMAP пул для оптимизированной работы с email...
2025-08-02 14:27:31,621 - __main__ - INFO - ✅ IMAP пул готов к работе
2025-08-02 14:27:31,621 - __main__ - INFO - 🏊‍♂️ Готовим Instagram Client Pool для оптимизированной работы с API...
2025-08-02 14:27:31,621 - __main__ - INFO - ✅ Instagram Client Pool готов к работе
2025-08-02 14:27:31,621 - __main__ - INFO - 📝 Готовим Structured Logging с Sampling для оптимизации логов...
2025-08-02 14:27:31,621 - utils.structured_logger - INFO - 📝 StructuredLogger 'instagram_bot_structured' инициализирован
2025-08-02 14:27:31,621 - __main__ - INFO - ✅ Structured Logging готов к работе
2025-08-02 14:27:31,621 - __main__ - INFO - Запуск Telegram бота...
2025-08-02 14:27:31,622 - py.warnings - WARNING - /Users/ramazanhanaev/Desktop/instagram_telegram_bot_beckap/instagram_telegram_bot_reserv/fresh_env/lib/python3.12/site-packages/telegram/ext/conversationhandler.py:287: UserWarning: If 'per_message=False', 'CallbackQueryHandler' will not be tracked for every message.
  warnings.warn(

2025-08-02 14:27:31,630 - telegram_bot.bot - INFO - Бот настроен и готов к работе
2025-08-02 14:27:31,631 - apscheduler.scheduler - INFO - Scheduler started
2025-08-02 14:27:31,959 - __main__ - INFO - Бот запущен и готов к работе!
2025-08-02 14:27:32,018 - telegram_bot.handlers.account_handlers - INFO - 🔧 ДЕБАГ: start_command_with_subscription вызвана для пользователя 6626270112 (@lock0125)
2025-08-02 14:27:32,018 - telegram_bot.handlers.account_handlers - INFO - 🔧 ДЕБАГ: subscription_info = {'has_access': True, 'status': 'active', 'plan': 'subscription_30_days', 'days_remaining': 29, 'is_trial': False, 'user': <admin_bot.models.user.User object at 0x105e664e0>, 'message': '✅ Доступ разрешен (29 дней осталось)', 'plan_name': '💳 Подписка 30 дней', 'plan_price': 200, 'subscription_start': '02.08.2025', 'subscription_end': '01.09.2025', 'accounts_count': 0, 'last_activity': '02.08.2025 13:45'}
2025-08-02 14:27:33,599 - utils.task_queue - INFO - 🔧 Адаптация нагрузки: потоков 50 → 3 | Уровень: Ограниченная активность бота
2025-08-02 14:27:55,162 - telegram_bot.handlers.account_handlers - INFO - 🔧 ДЕБАГ: start_command_with_subscription вызвана для пользователя 265436026 (@yatam08)
2025-08-02 14:27:55,165 - utils.subscription_service - INFO - 👤 Создан новый пользователь: 265436026 (@yatam08)
2025-08-02 14:27:55,166 - telegram_bot.handlers.account_handlers - INFO - 🔧 ДЕБАГ: subscription_info = {'has_access': False, 'status': 'not_registered', 'plan': None, 'days_remaining': 0, 'is_trial': False, 'user': None, 'message': '❌ Пользователь не зарегистрирован в системе'}
2025-08-02 14:27:59,072 - __main__ - ERROR - Update "{'update_id': 499777907, 'callback_query': {'id': '1140039053401370414', 'message': {'new_chat_members': [], 'photo': [], 'reply_markup': {'inline_keyboard': [[{'callback_data': 'refresh_access', 'text': '🔄 Попробовать снова'}], [{'text': '🔒 Получить доступ', 'url': 'https://t.me/admin'}], [{'callback_data': 'subscription_info', 'text': 'ℹ️ О подписке'}]]}, 'date': 1754134075, 'supergroup_chat_created': False, 'delete_chat_photo': False, 'group_chat_created': False, 'entities': [{'length': 8, 'offset': 36, 'type': 'mention'}, {'length': 9, 'offset': 50, 'type': 'code'}, {'length': 6, 'offset': 175, 'type': 'mention'}, {'length': 9, 'offset': 202, 'type': 'code'}], 'text': '🔒 Доступ по-прежнему ограничен\n\n👤 @yatam08 (ID: 265436026)\n📊 Статус: ❌ Пользователь не зарегистрирован в системе\n\n💳 Для получения доступа:\n1. Обратитесь к администратору: @admin\n2. Сообщите ваш ID: 265436026\n3. Выберите тарифный план и оплатите\n4. После активации снова нажмите "Обновить доступ"\n\n🔄 Нажмите "Попробовать снова" после решения проблемы.', 'channel_chat_created': False, 'caption_entities': [], 'chat': {'id': 265436026, 'username': 'yatam08', 'type': 'private', 'first_name': '.'}, 'new_chat_photo': [], 'edit_date': 1754134077, 'message_id': 1879, 'from': {'id': 8092949155, 'is_bot': True, 'username': 'InstaBotUp_bot', 'first_name': 'Insta Bot'}}, 'data': 'refresh_access', 'chat_instance': '2355691873947375123', 'from': {'id': 265436026, 'is_bot': False, 'language_code': 'ru', 'username': 'yatam08', 'first_name': '.'}}}" caused error "Message is not modified: specified new message content and reply markup are exactly the same as a current content and reply markup of the message"
2025-08-02 14:27:59,080 - telegram_bot.bot - ERROR - Ошибка при обработке обновления {'update_id': 499777907, 'callback_query': {'id': '1140039053401370414', 'message': {'new_chat_members': [], 'photo': [], 'reply_markup': {'inline_keyboard': [[{'callback_data': 'refresh_access', 'text': '🔄 Попробовать снова'}], [{'text': '🔒 Получить доступ', 'url': 'https://t.me/admin'}], [{'callback_data': 'subscription_info', 'text': 'ℹ️ О подписке'}]]}, 'date': 1754134075, 'supergroup_chat_created': False, 'delete_chat_photo': False, 'group_chat_created': False, 'entities': [{'length': 8, 'offset': 36, 'type': 'mention'}, {'length': 9, 'offset': 50, 'type': 'code'}, {'length': 6, 'offset': 175, 'type': 'mention'}, {'length': 9, 'offset': 202, 'type': 'code'}], 'text': '🔒 Доступ по-прежнему ограничен\n\n👤 @yatam08 (ID: 265436026)\n📊 Статус: ❌ Пользователь не зарегистрирован в системе\n\n💳 Для получения доступа:\n1. Обратитесь к администратору: @admin\n2. Сообщите ваш ID: 265436026\n3. Выберите тарифный план и оплатите\n4. После активации снова нажмите "Обновить доступ"\n\n🔄 Нажмите "Попробовать снова" после решения проблемы.', 'channel_chat_created': False, 'caption_entities': [], 'chat': {'id': 265436026, 'username': 'yatam08', 'type': 'private', 'first_name': '.'}, 'new_chat_photo': [], 'edit_date': 1754134077, 'message_id': 1879, 'from': {'id': 8092949155, 'is_bot': True, 'username': 'InstaBotUp_bot', 'first_name': 'Insta Bot'}}, 'data': 'refresh_access', 'chat_instance': '2355691873947375123', 'from': {'id': 265436026, 'is_bot': False, 'language_code': 'ru', 'username': 'yatam08', 'first_name': '.'}}}: Message is not modified: specified new message content and reply markup are exactly the same as a current content and reply markup of the message
2025-08-02 14:28:02,756 - utils.task_queue - INFO - 🔧 Адаптация нагрузки: потоков 3 → 4 | Уровень: Стандартная активность бота
2025-08-02 14:28:03,843 - __main__ - ERROR - Update "{'update_id': 499777908, 'callback_query': {'id': '1140039053909809521', 'message': {'new_chat_members': [], 'photo': [], 'reply_markup': {'inline_keyboard': [[{'callback_data': 'refresh_access', 'text': '🔄 Попробовать снова'}], [{'text': '🔒 Получить доступ', 'url': 'https://t.me/admin'}], [{'callback_data': 'subscription_info', 'text': 'ℹ️ О подписке'}]]}, 'date': 1754134075, 'supergroup_chat_created': False, 'delete_chat_photo': False, 'group_chat_created': False, 'entities': [{'length': 8, 'offset': 36, 'type': 'mention'}, {'length': 9, 'offset': 50, 'type': 'code'}, {'length': 6, 'offset': 175, 'type': 'mention'}, {'length': 9, 'offset': 202, 'type': 'code'}], 'text': '🔒 Доступ по-прежнему ограничен\n\n👤 @yatam08 (ID: 265436026)\n📊 Статус: ❌ Пользователь не зарегистрирован в системе\n\n💳 Для получения доступа:\n1. Обратитесь к администратору: @admin\n2. Сообщите ваш ID: 265436026\n3. Выберите тарифный план и оплатите\n4. После активации снова нажмите "Обновить доступ"\n\n🔄 Нажмите "Попробовать снова" после решения проблемы.', 'channel_chat_created': False, 'caption_entities': [], 'chat': {'id': 265436026, 'username': 'yatam08', 'type': 'private', 'first_name': '.'}, 'new_chat_photo': [], 'edit_date': 1754134077, 'message_id': 1879, 'from': {'id': 8092949155, 'is_bot': True, 'username': 'InstaBotUp_bot', 'first_name': 'Insta Bot'}}, 'data': 'refresh_access', 'chat_instance': '2355691873947375123', 'from': {'id': 265436026, 'is_bot': False, 'language_code': 'ru', 'username': 'yatam08', 'first_name': '.'}}}" caused error "Message is not modified: specified new message content and reply markup are exactly the same as a current content and reply markup of the message"
2025-08-02 14:28:03,847 - telegram_bot.bot - ERROR - Ошибка при обработке обновления {'update_id': 499777908, 'callback_query': {'id': '1140039053909809521', 'message': {'new_chat_members': [], 'photo': [], 'reply_markup': {'inline_keyboard': [[{'callback_data': 'refresh_access', 'text': '🔄 Попробовать снова'}], [{'text': '🔒 Получить доступ', 'url': 'https://t.me/admin'}], [{'callback_data': 'subscription_info', 'text': 'ℹ️ О подписке'}]]}, 'date': 1754134075, 'supergroup_chat_created': False, 'delete_chat_photo': False, 'group_chat_created': False, 'entities': [{'length': 8, 'offset': 36, 'type': 'mention'}, {'length': 9, 'offset': 50, 'type': 'code'}, {'length': 6, 'offset': 175, 'type': 'mention'}, {'length': 9, 'offset': 202, 'type': 'code'}], 'text': '🔒 Доступ по-прежнему ограничен\n\n👤 @yatam08 (ID: 265436026)\n📊 Статус: ❌ Пользователь не зарегистрирован в системе\n\n💳 Для получения доступа:\n1. Обратитесь к администратору: @admin\n2. Сообщите ваш ID: 265436026\n3. Выберите тарифный план и оплатите\n4. После активации снова нажмите "Обновить доступ"\n\n🔄 Нажмите "Попробовать снова" после решения проблемы.', 'channel_chat_created': False, 'caption_entities': [], 'chat': {'id': 265436026, 'username': 'yatam08', 'type': 'private', 'first_name': '.'}, 'new_chat_photo': [], 'edit_date': 1754134077, 'message_id': 1879, 'from': {'id': 8092949155, 'is_bot': True, 'username': 'InstaBotUp_bot', 'first_name': 'Insta Bot'}}, 'data': 'refresh_access', 'chat_instance': '2355691873947375123', 'from': {'id': 265436026, 'is_bot': False, 'language_code': 'ru', 'username': 'yatam08', 'first_name': '.'}}}: Message is not modified: specified new message content and reply markup are exactly the same as a current content and reply markup of the message
2025-08-02 14:28:09,598 - telegram_bot.handlers.account_handlers - INFO - 🔧 ДЕБАГ: start_command_with_subscription вызвана для пользователя 265436026 (@yatam08)
2025-08-02 14:28:09,601 - telegram_bot.handlers.account_handlers - INFO - 🔧 ДЕБАГ: subscription_info = {'has_access': False, 'status': 'not_registered', 'plan': None, 'days_remaining': 0, 'is_trial': False, 'user': None, 'message': '❌ Пользователь не зарегистрирован в системе'}
2025-08-02 14:29:02,687 - utils.system_monitor - INFO - 🖥️ 🟡 НАГРУЗКА СИСТЕМЫ: 41% (УМЕРЕННАЯ) - Стандартная активность бота | CPU: 20.8% | RAM: 79.7% | Temp: N/A
