/Users/ramazanhanaev/Desktop/instagram_telegram_bot_beckap/instagram_telegram_bot_reserv/fresh_env/lib/python3.12/site-packages/telegram/utils/request.py:49: UserWarning: python-telegram-bot is using upstream urllib3. This is allowed but not supported by python-telegram-bot maintainers.
  warnings.warn(
/Users/ramazanhanaev/Desktop/instagram_telegram_bot_beckap/instagram_telegram_bot_reserv/fresh_env/lib/python3.12/site-packages/apscheduler/__init__.py:1: UserWarning: pkg_resources is deprecated as an API. See https://setuptools.pypa.io/en/latest/pkg_resources.html. The pkg_resources package is slated for removal as early as 2025-11-30. Refrain from using this package or pin to Setuptools<81.
  from pkg_resources import get_distribution, DistributionNotFound
2025-08-02 14:30:47,052 - __main__ - INFO - Инициализация базы данных...
2025-08-02 14:30:47,175 - database.connection_pool - INFO - 🏊‍♂️ Database Connection Pool инициализирован:
2025-08-02 14:30:47,175 - database.connection_pool - INFO -   📊 Размер пула: 15
2025-08-02 14:30:47,175 - database.connection_pool - INFO -   ➕ Max overflow: 5
2025-08-02 14:30:47,175 - database.connection_pool - INFO -   ⏱️ Timeout: 20s
2025-08-02 14:30:47,175 - database.connection_pool - INFO -   🔄 Recycle: 1800s
2025-08-02 14:30:47,175 - database.connection_pool - INFO - ✅ Глобальный Database Connection Pool инициализирован
2025-08-02 14:30:47,175 - database.db_manager - INFO - ✅ База данных и Connection Pool инициализированы
2025-08-02 14:30:47,175 - __main__ - INFO - Запуск планировщика задач...
2025-08-02 14:30:47,176 - utils.scheduler - INFO - Планировщик задач запущен
2025-08-02 14:30:47,176 - __main__ - INFO - Запуск обработчика очереди задач...
2025-08-02 14:30:47,176 - utils.task_queue - INFO - 🚀 Запущен адаптивный обработчик очереди задач
2025-08-02 14:30:47,176 - utils.task_queue - INFO - Запущен поток обработки очереди задач
2025-08-02 14:30:47,176 - __main__ - INFO - Запуск мониторинга системных ресурсов...
2025-08-02 14:30:47,176 - utils.system_monitor - INFO - 🖥️ Запущен мониторинг системных ресурсов (профиль: macbook)
2025-08-02 14:30:47,176 - __main__ - INFO - Запуск умного валидатора аккаунтов...
2025-08-02 14:30:47,177 - utils.smart_validator_service - INFO - 🚀 Инициализирован умный валидатор (проверки: 2, восстановления: 1)
2025-08-02 14:30:47,178 - utils.smart_validator_service - INFO - ✅ Умный валидатор запущен
2025-08-02 14:30:47,178 - __main__ - INFO - 📧 Готовим IMAP пул для оптимизированной работы с email...
2025-08-02 14:30:47,178 - __main__ - INFO - ✅ IMAP пул готов к работе
2025-08-02 14:30:47,178 - __main__ - INFO - 🏊‍♂️ Готовим Instagram Client Pool для оптимизированной работы с API...
2025-08-02 14:30:47,178 - __main__ - INFO - ✅ Instagram Client Pool готов к работе
2025-08-02 14:30:47,178 - __main__ - INFO - 📝 Готовим Structured Logging с Sampling для оптимизации логов...
2025-08-02 14:30:47,178 - utils.structured_logger - INFO - 📝 StructuredLogger 'instagram_bot_structured' инициализирован
2025-08-02 14:30:47,178 - __main__ - INFO - ✅ Structured Logging готов к работе
2025-08-02 14:30:47,178 - __main__ - INFO - Запуск Telegram бота...
2025-08-02 14:30:47,179 - py.warnings - WARNING - /Users/ramazanhanaev/Desktop/instagram_telegram_bot_beckap/instagram_telegram_bot_reserv/fresh_env/lib/python3.12/site-packages/telegram/ext/conversationhandler.py:287: UserWarning: If 'per_message=False', 'CallbackQueryHandler' will not be tracked for every message.
  warnings.warn(

2025-08-02 14:30:47,184 - telegram_bot.bot - INFO - Бот настроен и готов к работе
2025-08-02 14:30:47,184 - apscheduler.scheduler - INFO - Scheduler started
2025-08-02 14:30:47,518 - __main__ - INFO - Бот запущен и готов к работе!
2025-08-02 14:30:49,193 - utils.task_queue - INFO - 🔧 Адаптация нагрузки: потоков 50 → 4 | Уровень: Стандартная активность бота
2025-08-02 14:32:03,058 - telegram_bot.handlers.account_handlers - INFO - 🔧 ДЕБАГ: start_command_with_subscription вызвана для пользователя 265436026 (@yatam08)
2025-08-02 14:32:03,062 - telegram_bot.handlers.account_handlers - INFO - 🔧 ДЕБАГ: subscription_info = {'has_access': False, 'status': 'inactive', 'plan': None, 'days_remaining': 0, 'is_trial': False, 'user': <admin_bot.models.user.User object at 0x108d14560>, 'message': '❌ Подписка неактивна', 'plan_name': 'Неизвестный план', 'plan_price': 0, 'subscription_start': None, 'subscription_end': None, 'accounts_count': 0, 'last_activity': '02.08.2025 14:27'}
2025-08-02 14:32:11,234 - __main__ - ERROR - Update "{'callback_query': {'message': {'text': '🔒 Доступ по-прежнему ограничен\n\n👤 @yatam08 (ID: 265436026)\n🔄 Нажмите "Попробовать снова" после решения проблемы.', 'message_id': 1884, 'group_chat_created': False, 'supergroup_chat_created': False, 'new_chat_members': [], 'reply_markup': {'inline_keyboard': [[{'text': '🔄 Попробовать снова', 'callback_data': 'refresh_access'}], [{'text': '🔒 Получить доступ', 'url': 'https://t.me/admin'}], [{'text': 'ℹ️ О подписке', 'callback_data': 'subscription_info'}]]}, 'entities': [{'offset': 36, 'type': 'mention', 'length': 8}, {'offset': 50, 'type': 'code', 'length': 9}], 'delete_chat_photo': False, 'edit_date': 1754134328, 'date': 1754134323, 'new_chat_photo': [], 'photo': [], 'chat': {'type': 'private', 'username': 'yatam08', 'first_name': '.', 'id': 265436026}, 'channel_chat_created': False, 'caption_entities': [], 'from': {'username': 'InstaBotUp_bot', 'first_name': 'Insta Bot', 'id': 8092949155, 'is_bot': True}}, 'data': 'refresh_access', 'chat_instance': '2355691873947375123', 'id': '1140039053701798757', 'from': {'language_code': 'ru', 'username': 'yatam08', 'first_name': '.', 'id': 265436026, 'is_bot': False}}, 'update_id': 499777913}" caused error "Message is not modified: specified new message content and reply markup are exactly the same as a current content and reply markup of the message"
2025-08-02 14:32:11,243 - telegram_bot.bot - ERROR - Ошибка при обработке обновления {'callback_query': {'message': {'text': '🔒 Доступ по-прежнему ограничен\n\n👤 @yatam08 (ID: 265436026)\n🔄 Нажмите "Попробовать снова" после решения проблемы.', 'message_id': 1884, 'group_chat_created': False, 'supergroup_chat_created': False, 'new_chat_members': [], 'reply_markup': {'inline_keyboard': [[{'text': '🔄 Попробовать снова', 'callback_data': 'refresh_access'}], [{'text': '🔒 Получить доступ', 'url': 'https://t.me/admin'}], [{'text': 'ℹ️ О подписке', 'callback_data': 'subscription_info'}]]}, 'entities': [{'offset': 36, 'type': 'mention', 'length': 8}, {'offset': 50, 'type': 'code', 'length': 9}], 'delete_chat_photo': False, 'edit_date': 1754134328, 'date': 1754134323, 'new_chat_photo': [], 'photo': [], 'chat': {'type': 'private', 'username': 'yatam08', 'first_name': '.', 'id': 265436026}, 'channel_chat_created': False, 'caption_entities': [], 'from': {'username': 'InstaBotUp_bot', 'first_name': 'Insta Bot', 'id': 8092949155, 'is_bot': True}}, 'data': 'refresh_access', 'chat_instance': '2355691873947375123', 'id': '1140039053701798757', 'from': {'language_code': 'ru', 'username': 'yatam08', 'first_name': '.', 'id': 265436026, 'is_bot': False}}, 'update_id': 499777913}: Message is not modified: specified new message content and reply markup are exactly the same as a current content and reply markup of the message
2025-08-02 14:33:02,317 - utils.system_monitor - INFO - 🖥️ 🟡 НАГРУЗКА СИСТЕМЫ: 40% (УМЕРЕННАЯ) - Стандартная активность бота | CPU: 13.0% | RAM: 79.9% | Temp: N/A
2025-08-02 14:36:01,320 - __main__ - ERROR - Update "{'callback_query': {'message': {'text': '🔒 Доступ по-прежнему ограничен\n\n👤 @yatam08 (ID: 265436026)\n🔄 Нажмите "Попробовать снова" после решения проблемы.', 'message_id': 1884, 'group_chat_created': False, 'supergroup_chat_created': False, 'new_chat_members': [], 'reply_markup': {'inline_keyboard': [[{'text': '🔄 Попробовать снова', 'callback_data': 'refresh_access'}], [{'text': '🔒 Получить доступ', 'url': 'https://t.me/admin'}], [{'text': 'ℹ️ О подписке', 'callback_data': 'subscription_info'}]]}, 'entities': [{'offset': 36, 'type': 'mention', 'length': 8}, {'offset': 50, 'type': 'code', 'length': 9}], 'delete_chat_photo': False, 'edit_date': 1754134328, 'date': 1754134323, 'new_chat_photo': [], 'photo': [], 'chat': {'type': 'private', 'username': 'yatam08', 'first_name': '.', 'id': 265436026}, 'channel_chat_created': False, 'caption_entities': [], 'from': {'username': 'InstaBotUp_bot', 'first_name': 'Insta Bot', 'id': 8092949155, 'is_bot': True}}, 'data': 'refresh_access', 'chat_instance': '2355691873947375123', 'id': '1140039054853123226', 'from': {'language_code': 'ru', 'username': 'yatam08', 'first_name': '.', 'id': 265436026, 'is_bot': False}}, 'update_id': 499777914}" caused error "Message is not modified: specified new message content and reply markup are exactly the same as a current content and reply markup of the message"
2025-08-02 14:36:01,333 - telegram_bot.bot - ERROR - Ошибка при обработке обновления {'callback_query': {'message': {'text': '🔒 Доступ по-прежнему ограничен\n\n👤 @yatam08 (ID: 265436026)\n🔄 Нажмите "Попробовать снова" после решения проблемы.', 'message_id': 1884, 'group_chat_created': False, 'supergroup_chat_created': False, 'new_chat_members': [], 'reply_markup': {'inline_keyboard': [[{'text': '🔄 Попробовать снова', 'callback_data': 'refresh_access'}], [{'text': '🔒 Получить доступ', 'url': 'https://t.me/admin'}], [{'text': 'ℹ️ О подписке', 'callback_data': 'subscription_info'}]]}, 'entities': [{'offset': 36, 'type': 'mention', 'length': 8}, {'offset': 50, 'type': 'code', 'length': 9}], 'delete_chat_photo': False, 'edit_date': 1754134328, 'date': 1754134323, 'new_chat_photo': [], 'photo': [], 'chat': {'type': 'private', 'username': 'yatam08', 'first_name': '.', 'id': 265436026}, 'channel_chat_created': False, 'caption_entities': [], 'from': {'username': 'InstaBotUp_bot', 'first_name': 'Insta Bot', 'id': 8092949155, 'is_bot': True}}, 'data': 'refresh_access', 'chat_instance': '2355691873947375123', 'id': '1140039054853123226', 'from': {'language_code': 'ru', 'username': 'yatam08', 'first_name': '.', 'id': 265436026, 'is_bot': False}}, 'update_id': 499777914}: Message is not modified: specified new message content and reply markup are exactly the same as a current content and reply markup of the message
2025-08-02 14:36:03,515 - telegram_bot.handlers.account_handlers - INFO - 🔧 ДЕБАГ: start_command_with_subscription вызвана для пользователя 265436026 (@yatam08)
2025-08-02 14:36:03,516 - telegram_bot.handlers.account_handlers - INFO - 🔧 ДЕБАГ: subscription_info = {'has_access': False, 'status': 'inactive', 'plan': None, 'days_remaining': 0, 'is_trial': False, 'user': <admin_bot.models.user.User object at 0x108d14560>, 'message': '❌ Подписка неактивна', 'plan_name': 'Неизвестный план', 'plan_price': 0, 'subscription_start': None, 'subscription_end': None, 'accounts_count': 0, 'last_activity': '02.08.2025 14:27'}
2025-08-02 14:38:22,759 - telegram_bot.handlers.account_handlers - INFO - 🔧 ДЕБАГ: start_command_with_subscription вызвана для пользователя 265436026 (@yatam08)
2025-08-02 14:38:22,762 - utils.subscription_service - INFO - 👤 Создан новый пользователь: 265436026 (@yatam08)
2025-08-02 14:38:22,762 - telegram_bot.handlers.account_handlers - INFO - 🔧 ДЕБАГ: subscription_info = {'has_access': False, 'status': 'inactive', 'plan': None, 'days_remaining': 0, 'is_trial': False, 'user': <admin_bot.models.user.User object at 0x108d14560>, 'message': '❌ Подписка неактивна', 'plan_name': 'Неизвестный план', 'plan_price': 0, 'subscription_start': None, 'subscription_end': None, 'accounts_count': 0, 'last_activity': '02.08.2025 14:27'}
2025-08-02 14:39:05,559 - utils.task_queue - INFO - 🔧 Адаптация нагрузки: потоков 4 → 5 | Уровень: Повышенная активность бота
2025-08-02 14:39:36,716 - utils.task_queue - INFO - 🔧 Адаптация нагрузки: потоков 5 → 4 | Уровень: Стандартная активность бота
2025-08-02 14:40:02,673 - utils.system_monitor - INFO - 🖥️ 🟡 НАГРУЗКА СИСТЕМЫ: 43% (УМЕРЕННАЯ) - Стандартная активность бота | CPU: 28.7% | RAM: 79.8% | Temp: N/A
2025-08-02 14:42:11,974 - telegram_bot.handlers.account_handlers - INFO - 🔧 ДЕБАГ: start_command_with_subscription вызвана для пользователя 265436026 (@yatam08)
2025-08-02 14:42:11,978 - telegram_bot.handlers.account_handlers - INFO - 🔧 ДЕБАГ: subscription_info = {'has_access': False, 'status': 'inactive', 'plan': None, 'days_remaining': 0, 'is_trial': False, 'user': <admin_bot.models.user.User object at 0x108d14560>, 'message': '❌ Подписка неактивна', 'plan_name': 'Неизвестный план', 'plan_price': 0, 'subscription_start': None, 'subscription_end': None, 'accounts_count': 0, 'last_activity': '02.08.2025 14:27'}
2025-08-02 14:43:41,787 - telegram.ext.updater - INFO - Received signal 15 (SIGTERM), stopping...
2025-08-02 14:43:41,790 - apscheduler.scheduler - INFO - Scheduler has been shut down
Python version: 3.12.5 (v3.12.5:ff3bc82f7c9, Aug  7 2024, 05:32:06) [Clang 13.0.0 (clang-1300.0.29.30)]
Python executable: /Users/ramazanhanaev/Desktop/instagram_telegram_bot_beckap/instagram_telegram_bot_reserv/fresh_env/bin/python
Python path: ['/Users/ramazanhanaev/Desktop/instagram_telegram_bot_beckap/instagram_telegram_bot_reserv', '/Library/Frameworks/Python.framework/Versions/3.12/lib/python312.zip', '/Library/Frameworks/Python.framework/Versions/3.12/lib/python3.12', '/Library/Frameworks/Python.framework/Versions/3.12/lib/python3.12/lib-dynload', '/Users/ramazanhanaev/Desktop/instagram_telegram_bot_beckap/instagram_telegram_bot_reserv/fresh_env/lib/python3.12/site-packages', '/Users/ramazanhanaev/Desktop/instagram_telegram_bot_beckap/instagram_telegram_bot_reserv/fresh_env/lib/python3.12/site-packages/setuptools/_vendor', '/Users/ramazanhanaev/Desktop/instagram_telegram_bot_beckap/instagram_telegram_bot_reserv/utils/../admin_bot']
